<?xml version="1.0" encoding="UTF-8"?>
<testsuite xmlns:xsi="http://www.w3.org/2001/XMLSchema-instance" xsi:noNamespaceSchemaLocation="https://maven.apache.org/surefire/maven-surefire-plugin/xsd/surefire-test-report.xsd" version="3.0.2" name="io.github.TiaMarieG.centroidFinder.DfsBinaryGroupFinderTest" time="0.057" tests="25" errors="0" skipped="0" failures="0">
  <properties>
    <property name="java.specification.version" value="23"/>
    <property name="sun.cpu.isalist" value="amd64"/>
    <property name="sun.jnu.encoding" value="Cp1252"/>
    <property name="java.class.path" value="C:\Classes\SDEV334\centroid-finder\target\test-classes;C:\Classes\SDEV334\centroid-finder\target\classes;C:\Users\tavpa\.m2\repository\org\junit\jupiter\junit-jupiter\5.10.0\junit-jupiter-5.10.0.jar;C:\Users\tavpa\.m2\repository\org\junit\jupiter\junit-jupiter-api\5.10.0\junit-jupiter-api-5.10.0.jar;C:\Users\tavpa\.m2\repository\org\opentest4j\opentest4j\1.3.0\opentest4j-1.3.0.jar;C:\Users\tavpa\.m2\repository\org\junit\platform\junit-platform-commons\1.10.0\junit-platform-commons-1.10.0.jar;C:\Users\tavpa\.m2\repository\org\apiguardian\apiguardian-api\1.1.2\apiguardian-api-1.1.2.jar;C:\Users\tavpa\.m2\repository\org\junit\jupiter\junit-jupiter-params\5.10.0\junit-jupiter-params-5.10.0.jar;C:\Users\tavpa\.m2\repository\org\junit\jupiter\junit-jupiter-engine\5.10.0\junit-jupiter-engine-5.10.0.jar;C:\Users\tavpa\.m2\repository\org\junit\platform\junit-platform-engine\1.10.0\junit-platform-engine-1.10.0.jar;"/>
    <property name="java.vm.vendor" value="Oracle Corporation"/>
    <property name="sun.arch.data.model" value="64"/>
    <property name="user.variant" value=""/>
    <property name="java.vendor.url" value="https://java.oracle.com/"/>
    <property name="user.timezone" value="America/Los_Angeles"/>
    <property name="os.name" value="Windows 11"/>
    <property name="java.vm.specification.version" value="23"/>
    <property name="sun.java.launcher" value="SUN_STANDARD"/>
    <property name="user.country" value="US"/>
    <property name="sun.boot.library.path" value="C:\Program Files\Java\jdk-23\bin"/>
    <property name="sun.java.command" value="C:\Users\tavpa\AppData\Local\Temp\surefire12713080787714660510\surefirebooter-20250508145340615_3.jar C:\Users\tavpa\AppData\Local\Temp\surefire12713080787714660510 2025-05-08T14-53-40_441-jvmRun1 surefire-20250508145340615_1tmp surefire_0-20250508145340615_2tmp"/>
    <property name="jdk.debug" value="release"/>
    <property name="surefire.test.class.path" value="C:\Classes\SDEV334\centroid-finder\target\test-classes;C:\Classes\SDEV334\centroid-finder\target\classes;C:\Users\tavpa\.m2\repository\org\junit\jupiter\junit-jupiter\5.10.0\junit-jupiter-5.10.0.jar;C:\Users\tavpa\.m2\repository\org\junit\jupiter\junit-jupiter-api\5.10.0\junit-jupiter-api-5.10.0.jar;C:\Users\tavpa\.m2\repository\org\opentest4j\opentest4j\1.3.0\opentest4j-1.3.0.jar;C:\Users\tavpa\.m2\repository\org\junit\platform\junit-platform-commons\1.10.0\junit-platform-commons-1.10.0.jar;C:\Users\tavpa\.m2\repository\org\apiguardian\apiguardian-api\1.1.2\apiguardian-api-1.1.2.jar;C:\Users\tavpa\.m2\repository\org\junit\jupiter\junit-jupiter-params\5.10.0\junit-jupiter-params-5.10.0.jar;C:\Users\tavpa\.m2\repository\org\junit\jupiter\junit-jupiter-engine\5.10.0\junit-jupiter-engine-5.10.0.jar;C:\Users\tavpa\.m2\repository\org\junit\platform\junit-platform-engine\1.10.0\junit-platform-engine-1.10.0.jar;"/>
    <property name="sun.cpu.endian" value="little"/>
    <property name="user.home" value="C:\Users\tavpa"/>
    <property name="user.language" value="en"/>
    <property name="java.specification.vendor" value="Oracle Corporation"/>
    <property name="java.version.date" value="2024-10-15"/>
    <property name="java.home" value="C:\Program Files\Java\jdk-23"/>
    <property name="file.separator" value="\"/>
    <property name="basedir" value="C:\Classes\SDEV334\centroid-finder"/>
    <property name="java.vm.compressedOopsMode" value="Zero based"/>
    <property name="line.separator" value="&#10;"/>
    <property name="java.vm.specification.vendor" value="Oracle Corporation"/>
    <property name="java.specification.name" value="Java Platform API Specification"/>
    <property name="surefire.real.class.path" value="C:\Users\tavpa\AppData\Local\Temp\surefire12713080787714660510\surefirebooter-20250508145340615_3.jar"/>
    <property name="user.script" value=""/>
    <property name="sun.management.compiler" value="HotSpot 64-Bit Tiered Compilers"/>
    <property name="java.runtime.version" value="23.0.1+11-39"/>
    <property name="user.name" value="tavpa"/>
    <property name="stdout.encoding" value="Cp1252"/>
    <property name="path.separator" value=";"/>
    <property name="os.version" value="10.0"/>
    <property name="java.runtime.name" value="Java(TM) SE Runtime Environment"/>
    <property name="file.encoding" value="UTF-8"/>
    <property name="java.vm.name" value="Java HotSpot(TM) 64-Bit Server VM"/>
    <property name="localRepository" value="C:\Users\tavpa\.m2\repository"/>
    <property name="java.vendor.url.bug" value="https://bugreport.java.com/bugreport/"/>
    <property name="java.io.tmpdir" value="C:\Users\tavpa\AppData\Local\Temp\"/>
    <property name="java.version" value="23.0.1"/>
    <property name="user.dir" value="C:\Classes\SDEV334\centroid-finder"/>
    <property name="os.arch" value="amd64"/>
    <property name="java.vm.specification.name" value="Java Virtual Machine Specification"/>
    <property name="sun.os.patch.level" value=""/>
    <property name="native.encoding" value="Cp1252"/>
    <property name="java.library.path" value="C:\Program Files\Java\jdk-23\bin;C:\WINDOWS\Sun\Java\bin;C:\WINDOWS\system32;C:\WINDOWS;C:\Users\tavpa\bin;C:\Program Files\Git\mingw64\bin;C:\Program Files\Git\usr\local\bin;C:\Program Files\Git\usr\bin;C:\Program Files\Git\usr\bin;C:\Program Files\Git\mingw64\bin;C:\Program Files\Git\usr\bin;C:\Users\tavpa\bin;C:\Program Files\Common Files\Oracle\Java\javapath;C:\WINDOWS\system32;C:\WINDOWS;C:\WINDOWS\System32\Wbem;C:\WINDOWS\System32\WindowsPowerShell\v1.0;C:\WINDOWS\System32\OpenSSH;C:\Program Files (x86)\PowerShell\7;C:\Program Files\RedHat\java-21-openjdk-21.0.1.0.12-3\bin;C:\Program Files\HP\HP One Agent;C:\Program Files\Git\cmd;C:\Program Files\nodejs;C:\Program Files\Docker\Docker\resources\bin;C:\WINDOWS\system32;C:\WINDOWS;C:\WINDOWS\System32\Wbem;C:\WINDOWS\System32\WindowsPowerShell\v1.0;C:\WINDOWS\System32\OpenSSH;C:\Program Files\PowerShell\7;C:\Program Files\GitHub CLI;C:\Classes\apache-maven-3.9.9\bin;C:\Users\tavpa\AppData\Local\Microsoft\WindowsApps;C:\Users\tavpa\AppData\Local\Programs\Microsoft VS Code\bin;C:\Users\tavpa\AppData\Roaming\npm;C:\Program Files\Git\usr\bin\vendor_perl;C:\Program Files\Git\usr\bin\core_perl;."/>
    <property name="java.vm.info" value="mixed mode, sharing"/>
    <property name="stderr.encoding" value="Cp1252"/>
    <property name="java.vendor" value="Oracle Corporation"/>
    <property name="java.vm.version" value="23.0.1+11-39"/>
    <property name="sun.io.unicode.encoding" value="UnicodeLittle"/>
    <property name="java.class.version" value="67.0"/>
  </properties>
  <testcase name="testLongHorizontalWithBreak" classname="io.github.TiaMarieG.centroidFinder.DfsBinaryGroupFinderTest" time="0.001"/>
  <testcase name="testComplexShapeGroup" classname="io.github.TiaMarieG.centroidFinder.DfsBinaryGroupFinderTest" time="0.001"/>
  <testcase name="testGroupAtBottomRightCorner" classname="io.github.TiaMarieG.centroidFinder.DfsBinaryGroupFinderTest" time="0.001"/>
  <testcase name="testAllOnes" classname="io.github.TiaMarieG.centroidFinder.DfsBinaryGroupFinderTest" time="0.001"/>
  <testcase name="testDiagonalDisconnected" classname="io.github.TiaMarieG.centroidFinder.DfsBinaryGroupFinderTest" time="0.004"/>
  <testcase name="testCornerPixelsOnly" classname="io.github.TiaMarieG.centroidFinder.DfsBinaryGroupFinderTest" time="0.001"/>
  <testcase name="testOneLargeGroup" classname="io.github.TiaMarieG.centroidFinder.DfsBinaryGroupFinderTest" time="0.003"/>
  <testcase name="testClusterAtEdge" classname="io.github.TiaMarieG.centroidFinder.DfsBinaryGroupFinderTest" time="0.001"/>
  <testcase name="testCrossShape" classname="io.github.TiaMarieG.centroidFinder.DfsBinaryGroupFinderTest" time="0.001"/>
  <testcase name="testZigZagGroup" classname="io.github.TiaMarieG.centroidFinder.DfsBinaryGroupFinderTest" time="0.002"/>
  <testcase name="testMultipleEqualSizeGroupsSortedByCentroid" classname="io.github.TiaMarieG.centroidFinder.DfsBinaryGroupFinderTest" time="0.0"/>
  <testcase name="testSortingWithCentroidTieBreaker" classname="io.github.TiaMarieG.centroidFinder.DfsBinaryGroupFinderTest" time="0.001"/>
  <testcase name="testJaggedArray" classname="io.github.TiaMarieG.centroidFinder.DfsBinaryGroupFinderTest" time="0.004"/>
  <testcase name="testTwoVerticalColumns" classname="io.github.TiaMarieG.centroidFinder.DfsBinaryGroupFinderTest" time="0.001"/>
  <testcase name="testLShapedGroup" classname="io.github.TiaMarieG.centroidFinder.DfsBinaryGroupFinderTest" time="0.001"/>
  <testcase name="testRingShape" classname="io.github.TiaMarieG.centroidFinder.DfsBinaryGroupFinderTest" time="0.001"/>
  <testcase name="testVerticalLine" classname="io.github.TiaMarieG.centroidFinder.DfsBinaryGroupFinderTest" time="0.0"/>
  <testcase name="testTwoDisconnectedGroups" classname="io.github.TiaMarieG.centroidFinder.DfsBinaryGroupFinderTest" time="0.0"/>
  <testcase name="testNoGroups" classname="io.github.TiaMarieG.centroidFinder.DfsBinaryGroupFinderTest" time="0.0"/>
  <testcase name="testSinglePixelInLargeGrid" classname="io.github.TiaMarieG.centroidFinder.DfsBinaryGroupFinderTest" time="0.001"/>
  <testcase name="testCentroidIntegerDivision" classname="io.github.TiaMarieG.centroidFinder.DfsBinaryGroupFinderTest" time="0.0"/>
  <testcase name="testHorizontalLine" classname="io.github.TiaMarieG.centroidFinder.DfsBinaryGroupFinderTest" time="0.001"/>
  <testcase name="testSinglePixelGroup" classname="io.github.TiaMarieG.centroidFinder.DfsBinaryGroupFinderTest" time="0.001"/>
  <testcase name="testImageWithMultipleGroupsAndCentroidCalculation_Variant2" classname="io.github.TiaMarieG.centroidFinder.DfsBinaryGroupFinderTest" time="0.001"/>
  <testcase name="testSparseImage" classname="io.github.TiaMarieG.centroidFinder.DfsBinaryGroupFinderTest" time="0.001"/>
</testsuite>